<?xml version="1.0" encoding="UTF-8"?>
<!-- Generated by org.testng.reporters.JUnitReportReporter -->
<testsuite hostname="HRDC-ENTFRESH" failures="0" tests="1" name="web.myTEst.AppTest" time="6.167" errors="0" timestamp="2024-08-10T22:13:40 IST" skipped="0">
  <testcase classname="web.myTEst.AppTest" name="mainTest" time="6.167"/>
</testsuite> <!-- web.myTEst.AppTest -->
